[debug] [2023-05-23T02:13:15.179Z] ----------------------------------------------------------------------
[debug] [2023-05-23T02:13:15.184Z] Command:       C:\Program Files\nodejs\node.exe C:\Users\Kiran D N\AppData\Roaming\npm\node_modules\firebase-tools\lib\bin\firebase.js deploy --only functions
[debug] [2023-05-23T02:13:15.184Z] CLI Version:   11.24.1
[debug] [2023-05-23T02:13:15.185Z] Platform:      win32
[debug] [2023-05-23T02:13:15.185Z] Node Version:  v18.14.2
[debug] [2023-05-23T02:13:15.187Z] Time:          Tue May 23 2023 07:43:15 GMT+0530 (India Standard Time)
[debug] [2023-05-23T02:13:15.187Z] ----------------------------------------------------------------------
[debug] 
[debug] [2023-05-23T02:13:15.190Z] >>> [apiv2][query] GET https://firebase-public.firebaseio.com/cli.json [none]
[debug] [2023-05-23T02:13:15.341Z] > command requires scopes: ["email","openid","https://www.googleapis.com/auth/cloudplatformprojects.readonly","https://www.googleapis.com/auth/firebase","https://www.googleapis.com/auth/cloud-platform"]
[debug] [2023-05-23T02:13:15.341Z] > authorizing via signed-in user (meatforyou65@gmail.com)
[debug] [2023-05-23T02:13:15.342Z] [iam] checking project meatforyou-8eda1 for permissions ["cloudfunctions.functions.create","cloudfunctions.functions.delete","cloudfunctions.functions.get","cloudfunctions.functions.list","cloudfunctions.functions.update","cloudfunctions.operations.get","firebase.projects.get"]
[debug] [2023-05-23T02:13:15.344Z] > refreshing access token with scopes: []
[debug] [2023-05-23T02:13:15.345Z] >>> [apiv2][query] POST https://www.googleapis.com/oauth2/v3/token [none]
[debug] [2023-05-23T02:13:15.345Z] >>> [apiv2][body] POST https://www.googleapis.com/oauth2/v3/token [omitted]
[debug] [2023-05-23T02:13:15.646Z] <<< [apiv2][status] POST https://www.googleapis.com/oauth2/v3/token 200
[debug] [2023-05-23T02:13:15.647Z] <<< [apiv2][body] POST https://www.googleapis.com/oauth2/v3/token [omitted]
[debug] [2023-05-23T02:13:15.689Z] >>> [apiv2][query] POST https://cloudresourcemanager.googleapis.com/v1/projects/meatforyou-8eda1:testIamPermissions [none]
[debug] [2023-05-23T02:13:15.689Z] >>> [apiv2][(partial)header] POST https://cloudresourcemanager.googleapis.com/v1/projects/meatforyou-8eda1:testIamPermissions x-goog-quota-user=projects/meatforyou-8eda1
[debug] [2023-05-23T02:13:15.690Z] >>> [apiv2][body] POST https://cloudresourcemanager.googleapis.com/v1/projects/meatforyou-8eda1:testIamPermissions {"permissions":["cloudfunctions.functions.create","cloudfunctions.functions.delete","cloudfunctions.functions.get","cloudfunctions.functions.list","cloudfunctions.functions.update","cloudfunctions.operations.get","firebase.projects.get"]}
[debug] [2023-05-23T02:13:16.033Z] <<< [apiv2][status] GET https://firebase-public.firebaseio.com/cli.json 200
[debug] [2023-05-23T02:13:16.034Z] <<< [apiv2][body] GET https://firebase-public.firebaseio.com/cli.json {"cloudBuildErrorAfter":1594252800000,"cloudBuildWarnAfter":1590019200000,"defaultNode10After":1594252800000,"minVersion":"3.0.5","node8DeploysDisabledAfter":1613390400000,"node8RuntimeDisabledAfter":1615809600000,"node8WarnAfter":1600128000000}
[debug] [2023-05-23T02:13:17.315Z] <<< [apiv2][status] POST https://cloudresourcemanager.googleapis.com/v1/projects/meatforyou-8eda1:testIamPermissions 200
[debug] [2023-05-23T02:13:17.316Z] <<< [apiv2][body] POST https://cloudresourcemanager.googleapis.com/v1/projects/meatforyou-8eda1:testIamPermissions {"permissions":["cloudfunctions.functions.create","cloudfunctions.functions.delete","cloudfunctions.functions.get","cloudfunctions.functions.list","cloudfunctions.functions.update","cloudfunctions.operations.get","firebase.projects.get"]}
[debug] [2023-05-23T02:13:17.317Z] >>> [apiv2][query] POST https://iam.googleapis.com/v1/projects/meatforyou-8eda1/serviceAccounts/meatforyou-8eda1@appspot.gserviceaccount.com:testIamPermissions [none]
[debug] [2023-05-23T02:13:17.318Z] >>> [apiv2][body] POST https://iam.googleapis.com/v1/projects/meatforyou-8eda1/serviceAccounts/meatforyou-8eda1@appspot.gserviceaccount.com:testIamPermissions {"permissions":["iam.serviceAccounts.actAs"]}
[debug] [2023-05-23T02:13:18.927Z] <<< [apiv2][status] POST https://iam.googleapis.com/v1/projects/meatforyou-8eda1/serviceAccounts/meatforyou-8eda1@appspot.gserviceaccount.com:testIamPermissions 200
[debug] [2023-05-23T02:13:18.928Z] <<< [apiv2][body] POST https://iam.googleapis.com/v1/projects/meatforyou-8eda1/serviceAccounts/meatforyou-8eda1@appspot.gserviceaccount.com:testIamPermissions {"permissions":["iam.serviceAccounts.actAs"]}
[info] 
[info] === Deploying to 'meatforyou-8eda1'...
[info] 
[info] i  deploying functions 
[info] Running command: npm --prefix "$RESOURCE_DIR" run lint
[info] Running command: npm --prefix "$RESOURCE_DIR" run build
